2024-09-30 12:35:06 info: Congratulations, your extension "Embold" is now active!
2024-09-30 12:35:06 info: tempDirectory : /Users/pedriito/.vscode/extensions/embold-vscode.embold-0.1.8/temp
2024-09-30 12:35:07 error: SQLITE_ERROR: no such table: issues
2024-09-30 12:35:07 error: SQLITE_ERROR: no such table: issues
2024-09-30 12:35:07 error: SQLITE_ERROR: no such table: issues
2024-09-30 12:35:17 info: Extraction complete for source: /Users/pedriito/.vscode/extensions/embold-vscode.embold-0.1.8/resources/embold-scanner-archive.zip, destination: /Users/pedriito/.vscode/extensions/embold-vscode.embold-0.1.8/temp
2024-09-30 12:35:17 info: Extension installed on machine OS : darwin
2024-09-30 12:35:17 info: Fetched the issues from DB
2024-09-30 12:35:17 info: Embold extension version response:{"hasSupport":false,"version":"0.1.6","changeNotes":"<div> <p>Release Date: 09 Oct, 2023 <br><span>Bug fixes and improvements.</span></p> </div>"}
2024-09-30 12:35:17 info: Current installed embold extension version : 0.1.8
2024-09-30 12:35:17 info: Latest embold extension version on marketplace : 0.1.6
2024-09-30 12:35:18 info: Java version installed on machine : 
openjdk version "19.0.2" 2023-01-17
OpenJDK Runtime Environment (build 19.0.2+7-44)
OpenJDK 64-Bit Server VM (build 19.0.2+7-44, mixed mode, sharing)

2024-09-30 12:35:18 info: Java installed on machine.
2024-09-30 12:35:51 info: Row(s) deleted
2024-09-30 13:53:20 info: Row(s) deleted
2024-09-30 14:00:24 info: Row(s) deleted
2024-09-30 14:00:33 info: Row(s) deleted
2024-09-30 14:00:33 info: Row(s) deleted
2024-09-30 14:00:33 info: Row(s) deleted
2024-09-30 14:00:33 info: Row(s) deleted
2024-09-30 14:00:33 info: Row(s) deleted
2024-09-30 14:00:33 info: Row(s) deleted
2024-09-30 14:00:33 info: Row(s) deleted
2024-09-30 14:00:33 info: Row(s) deleted
2024-09-30 14:00:33 info: Row(s) deleted
2024-09-30 14:00:33 info: Row(s) deleted
2024-09-30 14:00:33 info: Row(s) deleted
2024-09-30 14:00:33 info: Row(s) deleted
2024-09-30 14:00:33 info: Row(s) deleted
2024-09-30 14:00:33 info: Row(s) deleted
2024-09-30 14:00:33 info: Row(s) deleted
2024-09-30 14:00:33 info: Row(s) deleted
2024-09-30 14:00:33 info: Row(s) deleted
2024-09-30 14:00:33 info: Row(s) deleted
2024-09-30 14:00:33 info: Row(s) deleted
2024-09-30 14:00:33 info: Row(s) deleted
2024-09-30 14:00:33 info: Row(s) deleted
2024-09-30 14:00:33 info: Row(s) deleted
2024-09-30 14:00:33 info: Row(s) deleted
2024-09-30 14:00:33 info: Row(s) deleted
2024-09-30 14:00:33 info: Row(s) deleted
2024-09-30 14:00:33 info: Row(s) deleted
2024-09-30 14:00:33 info: Row(s) deleted
2024-09-30 14:00:33 info: Row(s) deleted
2024-09-30 14:00:33 info: Row(s) deleted
2024-09-30 14:00:33 info: Row(s) deleted
2024-09-30 14:00:33 info: Row(s) deleted
2024-09-30 14:00:33 info: Row(s) deleted
2024-09-30 14:00:33 info: Row(s) deleted
2024-09-30 14:00:33 info: Row(s) deleted
2024-09-30 14:00:33 info: Row(s) deleted
2024-09-30 14:00:33 info: Row(s) deleted
2024-09-30 14:00:33 info: Row(s) deleted
2024-09-30 14:00:33 info: Row(s) deleted
2024-09-30 14:00:33 info: Row(s) deleted
2024-09-30 14:00:33 info: Row(s) deleted
2024-09-30 14:00:33 info: Row(s) deleted
2024-09-30 14:00:33 info: Row(s) deleted
2024-09-30 14:00:33 info: Row(s) deleted
2024-09-30 14:00:33 info: Row(s) deleted
2024-09-30 14:00:33 info: Row(s) deleted
2024-09-30 14:00:33 info: Row(s) deleted
2024-09-30 14:00:33 info: Row(s) deleted
2024-09-30 14:00:33 info: Row(s) deleted
2024-09-30 14:00:33 info: Row(s) deleted
2024-09-30 14:00:33 info: Row(s) deleted
2024-09-30 14:00:33 info: Row(s) deleted
2024-09-30 14:00:33 info: Row(s) deleted
2024-09-30 14:00:33 info: Row(s) deleted
2024-09-30 14:00:33 info: Row(s) deleted
2024-09-30 14:00:33 info: Row(s) deleted
2024-09-30 14:00:33 info: Row(s) deleted
2024-09-30 14:00:33 info: Row(s) deleted
2024-09-30 14:00:33 info: Row(s) deleted
2024-09-30 14:00:33 info: Row(s) deleted
2024-09-30 14:00:33 info: Row(s) deleted
2024-09-30 14:00:33 info: Row(s) deleted
2024-09-30 14:00:33 info: Row(s) deleted
2024-09-30 14:00:33 info: Row(s) deleted
2024-09-30 14:00:33 info: Row(s) deleted
2024-09-30 14:00:33 info: Row(s) deleted
2024-09-30 14:00:33 info: Row(s) deleted
2024-09-30 14:00:33 info: Row(s) deleted
2024-09-30 14:00:33 info: Row(s) deleted
2024-09-30 14:00:33 info: Row(s) deleted
2024-09-30 14:00:33 info: Row(s) deleted
2024-09-30 14:00:33 info: Row(s) deleted
2024-09-30 14:00:33 info: Row(s) deleted
2024-09-30 14:00:33 info: Row(s) deleted
2024-09-30 14:00:33 info: Row(s) deleted
2024-09-30 14:05:31 info: Row(s) deleted
2024-09-30 14:13:56 info: Row(s) deleted
2024-09-30 14:15:57 info: Row(s) deleted
2024-09-30 14:24:38 info: Row(s) deleted
2024-09-30 15:25:02 info: Row(s) deleted
2024-09-30 15:56:28 info: Row(s) deleted
2024-09-30 18:30:55 info: Row(s) deleted
2024-10-01 05:08:31 info: Row(s) deleted
2024-10-01 09:19:39 info: Row(s) deleted
2024-10-01 09:59:28 info: Row(s) deleted
2024-10-01 15:24:54 info: Row(s) deleted
2024-10-01 16:04:06 info: Row(s) deleted
2024-10-01 18:34:51 info: Row(s) deleted
2024-10-02 13:16:06 info: Row(s) deleted
2024-10-02 13:16:09 info: Row(s) deleted
2024-10-04 15:53:36 info: Row(s) deleted
2024-10-04 15:53:52 info: Row(s) deleted
2024-10-04 15:54:34 info: Row(s) deleted
2024-10-04 15:56:12 info: Row(s) deleted
2024-10-04 15:56:36 info: Row(s) deleted
2024-10-04 15:56:37 info: Row(s) deleted
2024-10-04 15:56:40 info: Row(s) deleted
2024-10-04 16:14:24 info: Row(s) deleted
2024-10-04 16:14:24 info: Row(s) deleted
2024-10-04 16:14:24 info: Row(s) deleted
2024-10-04 16:14:24 info: Row(s) deleted
2024-10-04 16:14:24 info: Row(s) deleted
2024-10-04 16:14:24 info: Row(s) deleted
2024-10-04 16:14:24 info: Row(s) deleted
2024-10-04 16:14:24 info: Row(s) deleted
2024-10-04 16:14:24 info: Row(s) deleted
2024-10-04 16:14:24 info: Row(s) deleted
2024-10-04 16:14:24 info: Row(s) deleted
2024-10-04 16:14:24 info: Row(s) deleted
2024-10-04 16:14:24 info: Row(s) deleted
2024-10-04 16:14:24 info: Row(s) deleted
2024-10-04 16:14:24 info: Row(s) deleted
2024-10-04 16:14:24 info: Row(s) deleted
2024-10-04 16:14:24 info: Row(s) deleted
2024-10-04 16:14:24 info: Row(s) deleted
2024-10-04 16:14:24 info: Row(s) deleted
2024-10-04 16:14:24 info: Row(s) deleted
2024-10-04 16:14:24 info: Row(s) deleted
2024-10-04 16:14:24 info: Row(s) deleted
2024-10-04 16:14:24 info: Row(s) deleted
2024-10-04 16:14:24 info: Row(s) deleted
2024-10-04 16:14:24 info: Row(s) deleted
2024-10-04 16:14:24 info: Row(s) deleted
2024-10-04 16:14:24 info: Row(s) deleted
2024-10-04 16:14:24 info: Row(s) deleted
2024-10-04 16:14:24 info: Row(s) deleted
2024-10-04 16:14:24 info: Row(s) deleted
2024-10-04 16:14:24 info: Row(s) deleted
2024-10-04 16:14:24 info: Row(s) deleted
2024-10-04 16:14:24 info: Row(s) deleted
2024-10-04 16:14:24 info: Row(s) deleted
2024-10-04 16:14:24 info: Row(s) deleted
2024-10-04 16:14:24 info: Row(s) deleted
2024-10-04 16:14:24 info: Row(s) deleted
2024-10-04 16:30:22 info: Row(s) deleted
2024-10-04 16:38:11 info: Row(s) deleted
2024-10-04 16:38:12 info: Row(s) deleted
2024-10-04 16:40:42 info: Row(s) deleted
2024-10-04 16:41:34 info: Congratulations, your extension "Embold" is now active!
2024-10-04 16:41:34 info: tempDirectory : /Users/pedriito/.vscode/extensions/embold-vscode.embold-0.1.8/temp
2024-10-04 16:41:43 info: Extraction complete for source: /Users/pedriito/.vscode/extensions/embold-vscode.embold-0.1.8/resources/embold-scanner-archive.zip, destination: /Users/pedriito/.vscode/extensions/embold-vscode.embold-0.1.8/temp
2024-10-04 16:41:43 info: Extension installed on machine OS : darwin
2024-10-04 16:41:43 info: Fetched the issues from DB
2024-10-04 16:41:43 info: Embold extension version response:{"hasSupport":false,"version":"0.1.6","changeNotes":"<div> <p>Release Date: 09 Oct, 2023 <br><span>Bug fixes and improvements.</span></p> </div>"}
2024-10-04 16:41:43 info: Current installed embold extension version : 0.1.8
2024-10-04 16:41:43 info: Latest embold extension version on marketplace : 0.1.6
2024-10-04 16:41:44 info: Java version installed on machine : 
openjdk version "19.0.2" 2023-01-17
OpenJDK Runtime Environment (build 19.0.2+7-44)
OpenJDK 64-Bit Server VM (build 19.0.2+7-44, mixed mode, sharing)

2024-10-04 16:41:44 info: Java installed on machine.
2024-10-04 16:42:38 info: Row(s) deleted
2024-10-04 16:43:50 info: Row(s) deleted
2024-10-04 16:43:50 info: Row(s) deleted
2024-10-04 16:43:50 info: Row(s) deleted
2024-10-04 16:43:50 info: Row(s) deleted
2024-10-04 16:43:50 info: Row(s) deleted
2024-10-04 16:43:50 info: Row(s) deleted
2024-10-04 16:43:50 info: Row(s) deleted
2024-10-04 16:43:50 info: Row(s) deleted
2024-10-04 16:43:50 info: Row(s) deleted
2024-10-04 16:47:34 info: Row(s) deleted
2024-10-04 16:49:06 info: Row(s) deleted
2024-10-04 16:55:39 info: Row(s) deleted
2024-10-04 17:40:20 info: Row(s) deleted
2024-10-04 17:43:18 info: Row(s) deleted
2024-10-04 17:46:27 info: Row(s) deleted
2024-10-04 17:46:27 info: Row(s) deleted
2024-10-04 17:46:29 info: Row(s) deleted
2024-10-04 17:46:29 info: Row(s) deleted
2024-10-04 17:46:30 info: Row(s) deleted
2024-10-04 17:46:30 info: Row(s) deleted
2024-10-04 17:46:30 info: Row(s) deleted
2024-10-04 17:50:32 info: Row(s) deleted
2024-10-04 17:51:29 info: Row(s) deleted
2024-10-04 17:59:31 info: Row(s) deleted
2024-10-04 17:59:31 info: Row(s) deleted
2024-10-04 17:59:31 info: Row(s) deleted
2024-10-04 17:59:35 info: Row(s) deleted
2024-10-04 17:59:36 info: Row(s) deleted
2024-10-04 17:59:36 info: Row(s) deleted
2024-10-04 17:59:36 info: Row(s) deleted
2024-10-04 19:40:34 info: Row(s) deleted
2024-10-04 19:40:34 info: Row(s) deleted
2024-10-04 19:40:34 info: Row(s) deleted
2024-10-04 19:40:38 info: Row(s) deleted
2024-10-04 19:40:39 info: Row(s) deleted
2024-10-04 19:40:39 info: Row(s) deleted
2024-10-04 19:40:39 info: Row(s) deleted
2024-10-04 19:40:39 info: Row(s) deleted
2024-10-04 19:40:39 info: Row(s) deleted
2024-10-04 19:41:14 info: Row(s) deleted
2024-10-04 19:41:14 info: Row(s) deleted
2024-10-04 19:41:14 info: Row(s) deleted
2024-10-04 19:41:17 info: Row(s) deleted
2024-10-04 19:41:18 info: Row(s) deleted
2024-10-04 19:41:18 info: Row(s) deleted
2024-10-04 19:41:18 info: Row(s) deleted
2024-10-04 19:41:18 info: Row(s) deleted
2024-10-04 19:41:18 info: Row(s) deleted
2024-10-04 19:43:31 info: Row(s) deleted
2024-10-04 19:43:31 info: Row(s) deleted
2024-10-04 19:43:31 info: Row(s) deleted
2024-10-04 19:43:35 info: Row(s) deleted
2024-10-04 19:43:35 info: Row(s) deleted
2024-10-04 19:43:36 info: Row(s) deleted
2024-10-04 19:43:36 info: Row(s) deleted
2024-10-04 19:43:36 info: Row(s) deleted
2024-10-04 19:43:36 info: Row(s) deleted
2024-10-04 19:45:01 info: Row(s) deleted
2024-10-04 19:45:01 info: Row(s) deleted
2024-10-04 19:45:01 info: Row(s) deleted
2024-10-04 19:45:01 info: Row(s) deleted
2024-10-04 19:45:05 info: Row(s) deleted
2024-10-04 19:45:05 info: Row(s) deleted
2024-10-04 19:45:06 info: Row(s) deleted
2024-10-04 19:45:06 info: Row(s) deleted
2024-10-04 19:45:06 info: Row(s) deleted
2024-10-04 19:46:22 info: Row(s) deleted
2024-10-04 19:46:22 info: Row(s) deleted
2024-10-04 19:46:22 info: Row(s) deleted
2024-10-04 19:46:22 info: Row(s) deleted
2024-10-04 19:46:26 info: Row(s) deleted
2024-10-04 19:46:27 info: Row(s) deleted
2024-10-04 19:46:27 info: Row(s) deleted
2024-10-04 19:46:27 info: Row(s) deleted
2024-10-04 19:46:27 info: Row(s) deleted
2024-10-04 19:46:27 info: Row(s) deleted
2024-10-04 19:46:27 info: Row(s) deleted
2024-10-04 19:48:00 info: Row(s) deleted
2024-10-04 19:48:00 info: Row(s) deleted
2024-10-04 19:48:00 info: Row(s) deleted
2024-10-04 19:48:04 info: Row(s) deleted
2024-10-04 19:48:05 info: Row(s) deleted
2024-10-04 19:48:05 info: Row(s) deleted
2024-10-04 19:48:05 info: Row(s) deleted
2024-10-04 19:48:05 info: Row(s) deleted
2024-10-04 19:48:05 info: Row(s) deleted
2024-10-04 19:48:05 info: Row(s) deleted
2024-10-04 19:49:17 info: Row(s) deleted
2024-10-04 19:49:17 info: Row(s) deleted
2024-10-04 19:49:17 info: Row(s) deleted
2024-10-04 19:49:17 info: Row(s) deleted
2024-10-04 19:49:17 info: Row(s) deleted
2024-10-04 19:49:17 info: Row(s) deleted
2024-10-04 19:49:17 info: Row(s) deleted
2024-10-04 19:49:17 info: Row(s) deleted
2024-10-04 19:49:21 info: Row(s) deleted
2024-10-04 19:49:22 info: Row(s) deleted
2024-10-04 19:49:22 info: Row(s) deleted
2024-10-04 19:49:22 info: Row(s) deleted
2024-10-04 19:49:22 info: Row(s) deleted
2024-10-04 19:49:22 info: Row(s) deleted
2024-10-04 19:49:22 info: Row(s) deleted
2024-10-04 19:49:32 info: Row(s) deleted
2024-10-04 19:49:32 info: Row(s) deleted
2024-10-04 19:49:32 info: Row(s) deleted
2024-10-04 19:49:36 info: Row(s) deleted
2024-10-04 19:49:37 info: Row(s) deleted
2024-10-04 19:49:37 info: Row(s) deleted
2024-10-04 19:49:37 info: Row(s) deleted
2024-10-04 19:51:42 info: Row(s) deleted
2024-10-04 19:52:00 info: Row(s) deleted
2024-10-04 19:52:57 info: Row(s) deleted
2024-10-04 19:53:05 info: Row(s) deleted
2024-10-04 19:53:35 info: Row(s) deleted
2024-10-04 19:54:36 info: Row(s) deleted
2024-10-04 19:54:47 info: Row(s) deleted
2024-10-04 19:58:38 info: Row(s) deleted
2024-10-04 19:58:38 info: Row(s) deleted
2024-10-04 19:58:38 info: Row(s) deleted
2024-10-04 19:58:38 info: Row(s) deleted
2024-10-04 19:58:38 info: Row(s) deleted
2024-10-04 19:58:38 info: Row(s) deleted
2024-10-04 19:58:38 info: Row(s) deleted
2024-10-04 19:58:38 info: Row(s) deleted
2024-10-04 19:58:38 info: Row(s) deleted
2024-10-04 19:58:38 info: Row(s) deleted
2024-10-04 19:58:38 info: Row(s) deleted
2024-10-04 19:58:38 info: Row(s) deleted
2024-10-04 19:58:38 info: Row(s) deleted
2024-10-04 19:58:38 info: Row(s) deleted
2024-10-04 19:58:39 info: Row(s) deleted
2024-10-04 19:58:39 info: Row(s) deleted
2024-10-04 19:58:43 info: Row(s) deleted
2024-10-04 19:58:44 info: Row(s) deleted
2024-10-04 19:58:44 info: Row(s) deleted
2024-10-04 19:58:45 info: Row(s) deleted
2024-10-04 19:58:45 info: Row(s) deleted
2024-10-04 19:58:45 info: Row(s) deleted
2024-10-04 20:00:25 info: Row(s) deleted
2024-10-04 20:00:25 info: Row(s) deleted
2024-10-04 20:00:25 info: Row(s) deleted
2024-10-04 20:00:29 info: Row(s) deleted
2024-10-04 20:00:29 info: Row(s) deleted
2024-10-04 20:00:30 info: Row(s) deleted
2024-10-04 20:00:30 info: Row(s) deleted
2024-10-04 20:00:30 info: Row(s) deleted
2024-10-04 20:00:30 info: Row(s) deleted
2024-10-04 20:02:40 info: Row(s) deleted
2024-10-04 20:02:40 info: Row(s) deleted
2024-10-04 20:02:40 info: Row(s) deleted
2024-10-04 20:02:46 info: Row(s) deleted
2024-10-04 20:02:46 info: Row(s) deleted
2024-10-04 20:02:46 info: Row(s) deleted
2024-10-04 20:02:46 info: Row(s) deleted
2024-10-04 20:02:46 info: Row(s) deleted
2024-10-04 20:05:01 info: Row(s) deleted
2024-10-04 20:05:01 info: Row(s) deleted
2024-10-04 20:05:01 info: Row(s) deleted
2024-10-04 20:05:05 info: Row(s) deleted
2024-10-04 20:05:06 info: Row(s) deleted
2024-10-04 20:05:06 info: Row(s) deleted
2024-10-04 20:05:06 info: Row(s) deleted
2024-10-04 20:05:06 info: Row(s) deleted
2024-10-04 20:05:06 info: Row(s) deleted
2024-10-04 20:05:06 info: Row(s) deleted
2024-10-04 20:10:14 info: Row(s) deleted
2024-10-04 20:10:34 info: Row(s) deleted
2024-10-04 20:11:36 info: Row(s) deleted
2024-10-04 20:18:48 info: Row(s) deleted
2024-10-04 20:18:55 info: Row(s) deleted
2024-10-04 20:34:41 info: Row(s) deleted
2024-10-04 20:34:42 info: Row(s) deleted
2024-10-04 20:34:42 info: Row(s) deleted
2024-10-04 20:34:42 info: Row(s) deleted
2024-10-04 20:34:42 info: Row(s) deleted
2024-10-04 20:34:43 info: Row(s) deleted
2024-10-04 20:34:44 info: Row(s) deleted
2024-10-04 20:34:44 info: Row(s) deleted
2024-10-04 20:34:46 info: Row(s) deleted
2024-10-04 20:34:46 info: Row(s) deleted
2024-10-04 20:34:54 info: Row(s) deleted
2024-10-04 20:36:58 info: Row(s) deleted
2024-10-04 20:38:57 info: Row(s) deleted
2024-10-04 20:39:56 info: Row(s) deleted
2024-10-04 20:40:03 info: Row(s) deleted
2024-10-04 20:40:03 info: Row(s) deleted
2024-10-04 20:40:16 info: Row(s) deleted
2024-10-04 20:42:29 info: Row(s) deleted
2024-10-04 20:42:29 info: Row(s) deleted
2024-10-04 20:42:33 info: Row(s) deleted
2024-10-04 20:42:33 info: Row(s) deleted
2024-10-04 20:44:39 info: Row(s) deleted
2024-10-04 20:44:40 info: Row(s) deleted
2024-10-04 20:44:42 info: Row(s) deleted
2024-10-04 20:44:44 info: Row(s) deleted
2024-10-04 20:45:08 info: Row(s) deleted
2024-10-04 20:45:32 info: Row(s) deleted
2024-10-04 20:45:32 info: Row(s) deleted
2024-10-04 20:46:58 info: Row(s) deleted
2024-10-04 20:48:05 info: Row(s) deleted
2024-10-04 20:57:31 info: Row(s) deleted
2024-10-04 20:57:35 info: Row(s) deleted
2024-10-04 20:57:35 info: Row(s) deleted
2024-10-04 20:57:35 info: Row(s) deleted
2024-10-04 20:57:36 info: Row(s) deleted
2024-10-04 21:21:02 info: Row(s) deleted
2024-10-04 21:21:03 info: Row(s) deleted
2024-10-04 21:21:06 info: Row(s) deleted
2024-10-04 21:21:06 info: Row(s) deleted
2024-10-04 21:21:06 info: Row(s) deleted
2024-10-04 21:21:07 info: Row(s) deleted
2024-10-04 21:21:08 info: Row(s) deleted
2024-10-04 21:21:09 info: Row(s) deleted
2024-10-04 21:21:10 info: Row(s) deleted
2024-10-04 21:21:10 info: Row(s) deleted
2024-10-04 21:21:11 info: Row(s) deleted
2024-10-04 21:33:38 info: Row(s) deleted
2024-10-04 21:33:38 info: Row(s) deleted
2024-10-04 21:36:29 info: Row(s) deleted
2024-10-04 21:36:48 info: Row(s) deleted
2024-10-04 21:37:10 info: Row(s) deleted
2024-10-04 21:37:20 info: Row(s) deleted
2024-10-04 21:37:34 info: Row(s) deleted
2024-10-04 21:38:10 info: Row(s) deleted
2024-10-04 21:38:26 info: Row(s) deleted
2024-10-04 21:38:40 info: Row(s) deleted
2024-10-04 21:40:12 info: Row(s) deleted
2024-10-04 21:40:27 info: Row(s) deleted
2024-10-04 21:40:38 info: Row(s) deleted
2024-10-04 21:43:28 info: Row(s) deleted
2024-10-04 21:43:28 info: Row(s) deleted
2024-10-04 21:43:28 info: Row(s) deleted
2024-10-04 21:43:32 info: Row(s) deleted
2024-10-04 21:43:34 info: Row(s) deleted
2024-10-04 21:43:34 info: Row(s) deleted
2024-10-04 21:43:34 info: Row(s) deleted
2024-10-04 21:43:34 info: Row(s) deleted
2024-10-04 21:43:34 info: Row(s) deleted
2024-10-04 21:43:34 info: Row(s) deleted
2024-10-04 21:45:12 info: Row(s) deleted
2024-10-04 21:46:25 info: Row(s) deleted
2024-10-04 21:46:25 info: Row(s) deleted
2024-10-04 21:46:25 info: Row(s) deleted
2024-10-04 21:46:25 info: Row(s) deleted
2024-10-04 21:46:29 info: Row(s) deleted
2024-10-04 21:46:30 info: Row(s) deleted
2024-10-04 21:46:30 info: Row(s) deleted
2024-10-04 21:46:30 info: Row(s) deleted
2024-10-04 21:46:30 info: Row(s) deleted
2024-10-04 21:46:30 info: Row(s) deleted
2024-10-04 21:50:08 info: Row(s) deleted
2024-10-04 21:51:27 info: Row(s) deleted
2024-10-04 21:51:27 info: Row(s) deleted
2024-10-04 21:51:27 info: Row(s) deleted
2024-10-04 21:51:27 info: Row(s) deleted
2024-10-04 21:51:31 info: Row(s) deleted
2024-10-04 21:51:32 info: Row(s) deleted
2024-10-04 21:51:32 info: Row(s) deleted
2024-10-04 21:51:32 info: Row(s) deleted
2024-10-04 21:51:32 info: Row(s) deleted
2024-10-04 21:51:32 info: Row(s) deleted
2024-10-04 21:51:32 info: Row(s) deleted
2024-10-04 21:55:16 info: Row(s) deleted
2024-10-04 21:55:16 info: Row(s) deleted
2024-10-04 21:55:16 info: Row(s) deleted
2024-10-04 21:55:21 info: Row(s) deleted
2024-10-04 21:55:22 info: Row(s) deleted
2024-10-04 21:55:22 info: Row(s) deleted
2024-10-04 21:55:22 info: Row(s) deleted
2024-10-07 23:02:06 info: Congratulations, your extension "Embold" is now active!
2024-10-07 23:02:06 info: tempDirectory : /Users/pedriito/.vscode/extensions/embold-vscode.embold-0.1.8/temp
2024-10-07 23:02:51 info: Extraction complete for source: /Users/pedriito/.vscode/extensions/embold-vscode.embold-0.1.8/resources/embold-scanner-archive.zip, destination: /Users/pedriito/.vscode/extensions/embold-vscode.embold-0.1.8/temp
2024-10-07 23:02:51 info: Extension installed on machine OS : darwin
2024-10-07 23:02:51 info: Fetched the issues from DB
2024-10-07 23:02:52 info: Java version installed on machine : 
openjdk version "19.0.2" 2023-01-17
OpenJDK Runtime Environment (build 19.0.2+7-44)
OpenJDK 64-Bit Server VM (build 19.0.2+7-44, mixed mode, sharing)

2024-10-07 23:02:52 info: Java installed on machine.
2024-10-07 23:02:55 info: Embold extension version response:{"hasSupport":false,"version":"0.1.6","changeNotes":"<div> <p>Release Date: 09 Oct, 2023 <br><span>Bug fixes and improvements.</span></p> </div>"}
2024-10-07 23:02:55 info: Current installed embold extension version : 0.1.8
2024-10-07 23:02:55 info: Latest embold extension version on marketplace : 0.1.6
2024-10-08 15:07:13 info: Congratulations, your extension "Embold" is now active!
2024-10-08 15:07:13 info: tempDirectory : /Users/pedriito/.vscode/extensions/embold-vscode.embold-0.1.8/temp
2024-10-08 15:07:23 info: Extraction complete for source: /Users/pedriito/.vscode/extensions/embold-vscode.embold-0.1.8/resources/embold-scanner-archive.zip, destination: /Users/pedriito/.vscode/extensions/embold-vscode.embold-0.1.8/temp
2024-10-08 15:07:23 info: Extension installed on machine OS : darwin
2024-10-08 15:07:23 info: Fetched the issues from DB
2024-10-08 15:07:23 info: Embold extension version response:{"hasSupport":false,"version":"0.1.6","changeNotes":"<div> <p>Release Date: 09 Oct, 2023 <br><span>Bug fixes and improvements.</span></p> </div>"}
2024-10-08 15:07:23 info: Current installed embold extension version : 0.1.8
2024-10-08 15:07:23 info: Latest embold extension version on marketplace : 0.1.6
2024-10-08 15:07:23 info: Java version installed on machine : 
openjdk version "19.0.2" 2023-01-17
OpenJDK Runtime Environment (build 19.0.2+7-44)
OpenJDK 64-Bit Server VM (build 19.0.2+7-44, mixed mode, sharing)

2024-10-08 15:07:23 info: Java installed on machine.
2024-10-08 15:08:02 info: Row(s) deleted
2024-10-08 15:08:29 info: Row(s) deleted
2024-10-08 15:08:30 info: Row(s) deleted
2024-10-08 15:09:19 info: Row(s) deleted
2024-10-08 15:09:21 info: Row(s) deleted
2024-10-08 15:50:23 info: Congratulations, your extension "Embold" is now active!
2024-10-08 15:50:23 info: tempDirectory : /Users/pedriito/.vscode/extensions/embold-vscode.embold-0.1.8/temp
2024-10-08 15:50:31 info: Extraction complete for source: /Users/pedriito/.vscode/extensions/embold-vscode.embold-0.1.8/resources/embold-scanner-archive.zip, destination: /Users/pedriito/.vscode/extensions/embold-vscode.embold-0.1.8/temp
2024-10-08 15:50:31 info: Extension installed on machine OS : darwin
2024-10-08 15:50:31 info: Fetched the issues from DB
2024-10-08 15:50:31 info: Embold extension version response:{"hasSupport":false,"version":"0.1.6","changeNotes":"<div> <p>Release Date: 09 Oct, 2023 <br><span>Bug fixes and improvements.</span></p> </div>"}
2024-10-08 15:50:31 info: Current installed embold extension version : 0.1.8
2024-10-08 15:50:31 info: Latest embold extension version on marketplace : 0.1.6
2024-10-08 15:50:31 info: Java version installed on machine : 
openjdk version "19.0.2" 2023-01-17
OpenJDK Runtime Environment (build 19.0.2+7-44)
OpenJDK 64-Bit Server VM (build 19.0.2+7-44, mixed mode, sharing)

2024-10-08 15:50:31 info: Java installed on machine.
2024-10-08 15:55:58 info: Row(s) deleted
2024-10-08 15:56:29 info: Row(s) deleted
2024-10-08 15:56:29 info: Row(s) deleted
2024-10-08 15:56:29 info: Row(s) deleted
2024-10-08 15:56:29 info: Row(s) deleted
2024-10-08 15:56:29 info: Row(s) deleted
2024-10-08 15:56:30 info: Row(s) deleted
2024-10-08 15:56:30 info: Row(s) deleted
2024-10-08 15:56:30 info: Row(s) deleted
2024-10-08 15:56:30 info: Row(s) deleted
2024-10-08 15:56:30 info: Row(s) deleted
2024-10-08 15:56:30 info: Row(s) deleted
2024-10-08 15:56:30 info: Row(s) deleted
2024-10-08 15:56:30 info: Row(s) deleted
2024-10-08 15:56:30 info: Row(s) deleted
2024-10-08 15:56:30 info: Row(s) deleted
2024-10-08 15:56:30 info: Row(s) deleted
2024-10-08 15:56:30 info: Row(s) deleted
2024-10-08 15:56:30 info: Row(s) deleted
2024-10-08 15:56:30 info: Row(s) deleted
2024-10-08 15:56:30 info: Row(s) deleted
2024-10-08 15:56:30 info: Row(s) deleted
2024-10-08 15:56:30 info: Row(s) deleted
2024-10-08 15:56:30 info: Row(s) deleted
2024-10-08 15:56:30 info: Row(s) deleted
2024-10-08 15:56:30 info: Row(s) deleted
2024-10-08 15:56:30 info: Row(s) deleted
2024-10-08 15:56:30 info: Row(s) deleted
2024-10-08 15:56:30 info: Row(s) deleted
2024-10-08 15:56:30 info: Row(s) deleted
2024-10-08 15:56:30 info: Row(s) deleted
2024-10-08 15:56:30 info: Row(s) deleted
2024-10-08 15:56:30 info: Row(s) deleted
2024-10-08 15:56:30 info: Row(s) deleted
2024-10-08 15:56:30 info: Row(s) deleted
2024-10-08 15:56:30 info: Row(s) deleted
2024-10-08 15:56:30 info: Row(s) deleted
2024-10-08 15:56:30 info: Row(s) deleted
2024-10-08 15:56:30 info: Row(s) deleted
2024-10-08 15:56:30 info: Row(s) deleted
2024-10-08 15:56:30 info: Row(s) deleted
2024-10-08 15:56:30 info: Row(s) deleted
2024-10-08 15:56:30 info: Row(s) deleted
2024-10-08 15:56:30 info: Row(s) deleted
2024-10-08 15:56:30 info: Row(s) deleted
2024-10-08 15:56:30 info: Row(s) deleted
2024-10-08 15:56:30 info: Row(s) deleted
2024-10-08 15:56:30 info: Row(s) deleted
2024-10-08 15:56:30 info: Row(s) deleted
2024-10-08 15:56:30 info: Row(s) deleted
2024-10-08 15:56:30 info: Row(s) deleted
2024-10-08 15:56:30 info: Row(s) deleted
2024-10-08 15:56:30 info: Row(s) deleted
2024-10-08 15:56:30 info: Row(s) deleted
2024-10-08 15:56:30 info: Row(s) deleted
2024-10-08 15:56:30 info: Row(s) deleted
2024-10-08 15:56:30 info: Row(s) deleted
2024-10-08 15:56:30 info: Row(s) deleted
2024-10-08 15:56:30 info: Row(s) deleted
2024-10-08 15:56:30 info: Row(s) deleted
2024-10-08 15:56:30 info: Row(s) deleted
2024-10-08 15:56:30 info: Row(s) deleted
2024-10-08 15:56:30 info: Row(s) deleted
2024-10-08 15:56:30 info: Row(s) deleted
2024-10-08 15:56:30 info: Row(s) deleted
2024-10-08 15:56:30 info: Row(s) deleted
2024-10-08 15:56:30 info: Row(s) deleted
2024-10-08 15:56:30 info: Row(s) deleted
2024-10-08 15:56:30 info: Row(s) deleted
2024-10-08 15:56:30 info: Row(s) deleted
2024-10-08 15:56:30 info: Row(s) deleted
2024-10-08 15:56:30 info: Row(s) deleted
2024-10-08 15:56:30 info: Row(s) deleted
2024-10-08 15:56:30 info: Row(s) deleted
2024-10-08 15:56:30 info: Row(s) deleted
2024-10-08 15:56:30 info: Row(s) deleted
2024-10-08 15:56:30 info: Row(s) deleted
2024-10-08 15:56:30 info: Row(s) deleted
2024-10-08 15:56:30 info: Row(s) deleted
2024-10-08 15:56:30 info: Row(s) deleted
2024-10-08 15:56:30 info: Row(s) deleted
2024-10-08 15:56:30 info: Row(s) deleted
2024-10-08 15:56:30 info: Row(s) deleted
2024-10-08 15:56:30 info: Row(s) deleted
2024-10-08 15:56:30 info: Row(s) deleted
2024-10-08 15:56:30 info: Row(s) deleted
2024-10-08 15:56:30 info: Row(s) deleted
2024-10-08 15:56:30 info: Row(s) deleted
2024-10-08 15:56:30 info: Row(s) deleted
2024-10-08 15:56:30 info: Row(s) deleted
2024-10-08 15:56:30 info: Row(s) deleted
2024-10-08 15:56:30 info: Row(s) deleted
2024-10-08 15:56:30 info: Row(s) deleted
2024-10-08 15:56:30 info: Row(s) deleted
2024-10-08 15:56:30 info: Row(s) deleted
2024-10-08 15:56:30 info: Row(s) deleted
2024-10-08 15:56:30 info: Row(s) deleted
2024-10-08 15:56:30 info: Row(s) deleted
2024-10-08 15:56:30 info: Row(s) deleted
2024-10-08 15:56:30 info: Row(s) deleted
2024-10-08 15:56:30 info: Row(s) deleted
2024-10-08 15:56:30 info: Row(s) deleted
2024-10-08 15:56:30 info: Row(s) deleted
2024-10-08 15:56:30 info: Row(s) deleted
2024-10-08 15:56:30 info: Row(s) deleted
2024-10-08 15:56:30 info: Row(s) deleted
2024-10-08 15:56:30 info: Row(s) deleted
2024-10-08 15:56:30 info: Row(s) deleted
2024-10-08 15:56:30 info: Row(s) deleted
2024-10-08 15:56:30 info: Row(s) deleted
2024-10-08 15:56:30 info: Row(s) deleted
2024-10-08 15:56:30 info: Row(s) deleted
2024-10-08 15:56:30 info: Row(s) deleted
2024-10-08 15:56:30 info: Row(s) deleted
2024-10-08 15:56:30 info: Row(s) deleted
2024-10-08 15:56:30 info: Row(s) deleted
2024-10-08 15:56:30 info: Row(s) deleted
2024-10-08 15:56:30 info: Row(s) deleted
2024-10-08 15:56:30 info: Row(s) deleted
2024-10-08 15:56:30 info: Row(s) deleted
2024-10-08 15:56:30 info: Row(s) deleted
2024-10-08 15:56:30 info: Row(s) deleted
2024-10-08 15:56:30 info: Row(s) deleted
2024-10-08 15:56:30 info: Row(s) deleted
2024-10-08 15:56:30 info: Row(s) deleted
2024-10-08 15:56:30 info: Row(s) deleted
2024-10-08 15:56:30 info: Row(s) deleted
2024-10-08 15:56:30 info: Row(s) deleted
2024-10-08 15:56:30 info: Row(s) deleted
2024-10-08 15:56:30 info: Row(s) deleted
2024-10-08 15:56:30 info: Row(s) deleted
2024-10-08 15:56:30 info: Row(s) deleted
2024-10-08 15:56:30 info: Row(s) deleted
2024-10-08 15:56:30 info: Row(s) deleted
2024-10-08 15:56:30 info: Row(s) deleted
2024-10-08 15:56:30 info: Row(s) deleted
2024-10-08 15:56:30 info: Row(s) deleted
2024-10-08 15:56:30 info: Row(s) deleted
2024-10-08 15:56:30 info: Row(s) deleted
2024-10-08 15:56:30 info: Row(s) deleted
2024-10-08 15:56:30 info: Row(s) deleted
2024-10-08 15:56:30 info: Row(s) deleted
2024-10-08 15:56:30 info: Row(s) deleted
2024-10-08 15:56:30 info: Row(s) deleted
2024-10-08 15:56:57 info: Row(s) deleted
2024-10-08 15:59:28 info: Row(s) deleted
2024-10-08 15:59:28 info: Row(s) deleted
2024-10-08 15:59:28 info: Row(s) deleted
2024-10-08 15:59:28 info: Row(s) deleted
2024-10-08 15:59:34 info: Row(s) deleted
2024-10-08 15:59:35 info: Row(s) deleted
2024-10-08 15:59:35 info: Row(s) deleted
2024-10-08 15:59:35 info: Row(s) deleted
2024-10-08 15:59:35 info: Row(s) deleted
2024-10-08 15:59:35 info: Row(s) deleted
2024-10-08 15:59:35 info: Row(s) deleted
2024-10-08 15:59:35 info: Row(s) deleted
2024-10-08 15:59:35 info: Row(s) deleted
2024-10-08 15:59:35 info: Row(s) deleted
2024-10-08 15:59:35 info: Row(s) deleted
2024-10-08 15:59:35 info: Row(s) deleted
2024-10-08 15:59:35 info: Row(s) deleted
2024-10-08 15:59:35 info: Row(s) deleted
2024-10-08 15:59:35 info: Row(s) deleted
2024-10-08 15:59:35 info: Row(s) deleted
2024-10-08 15:59:35 info: Row(s) deleted
2024-10-08 15:59:35 info: Row(s) deleted
2024-10-08 15:59:35 info: Row(s) deleted
2024-10-08 15:59:35 info: Row(s) deleted
2024-10-08 15:59:35 info: Row(s) deleted
2024-10-08 15:59:35 info: Row(s) deleted
2024-10-08 15:59:35 info: Row(s) deleted
2024-10-08 15:59:35 info: Row(s) deleted
2024-10-08 15:59:35 info: Row(s) deleted
2024-10-08 15:59:35 info: Row(s) deleted
2024-10-08 15:59:35 info: Row(s) deleted
2024-10-08 15:59:35 info: Row(s) deleted
2024-10-08 15:59:35 info: Row(s) deleted
2024-10-08 15:59:35 info: Row(s) deleted
2024-10-08 15:59:35 info: Row(s) deleted
2024-10-08 15:59:35 info: Row(s) deleted
2024-10-08 15:59:35 info: Row(s) deleted
2024-10-08 15:59:35 info: Row(s) deleted
2024-10-08 15:59:35 info: Row(s) deleted
2024-10-08 15:59:35 info: Row(s) deleted
2024-10-08 15:59:35 info: Row(s) deleted
2024-10-08 15:59:35 info: Row(s) deleted
2024-10-08 15:59:35 info: Row(s) deleted
2024-10-08 15:59:35 info: Row(s) deleted
2024-10-08 15:59:35 info: Row(s) deleted
2024-10-08 15:59:35 info: Row(s) deleted
2024-10-08 15:59:35 info: Row(s) deleted
2024-10-08 15:59:35 info: Row(s) deleted
2024-10-08 15:59:35 info: Row(s) deleted
2024-10-08 15:59:35 info: Row(s) deleted
2024-10-08 15:59:35 info: Row(s) deleted
2024-10-08 15:59:35 info: Row(s) deleted
2024-10-08 15:59:35 info: Row(s) deleted
2024-10-08 15:59:35 info: Row(s) deleted
2024-10-08 15:59:35 info: Row(s) deleted
2024-10-08 15:59:35 info: Row(s) deleted
2024-10-08 15:59:35 info: Row(s) deleted
2024-10-08 15:59:35 info: Row(s) deleted
2024-10-08 15:59:35 info: Row(s) deleted
2024-10-08 15:59:35 info: Row(s) deleted
2024-10-08 15:59:35 info: Row(s) deleted
2024-10-08 15:59:35 info: Row(s) deleted
2024-10-08 15:59:35 info: Row(s) deleted
2024-10-08 15:59:35 info: Row(s) deleted
2024-10-08 15:59:35 info: Row(s) deleted
2024-10-08 15:59:35 info: Row(s) deleted
2024-10-08 15:59:35 info: Row(s) deleted
2024-10-08 15:59:35 info: Row(s) deleted
2024-10-08 15:59:35 info: Row(s) deleted
2024-10-08 15:59:35 info: Row(s) deleted
2024-10-08 15:59:35 info: Row(s) deleted
2024-10-08 15:59:35 info: Row(s) deleted
2024-10-08 15:59:35 info: Row(s) deleted
2024-10-08 15:59:35 info: Row(s) deleted
2024-10-08 15:59:35 info: Row(s) deleted
2024-10-08 15:59:35 info: Row(s) deleted
2024-10-08 15:59:35 info: Row(s) deleted
2024-10-08 15:59:35 info: Row(s) deleted
2024-10-08 15:59:35 info: Row(s) deleted
2024-10-08 15:59:35 info: Row(s) deleted
2024-10-08 15:59:35 info: Row(s) deleted
2024-10-08 15:59:35 info: Row(s) deleted
2024-10-08 15:59:35 info: Row(s) deleted
2024-10-08 15:59:35 info: Row(s) deleted
2024-10-08 15:59:35 info: Row(s) deleted
2024-10-08 15:59:35 info: Row(s) deleted
2024-10-08 15:59:35 info: Row(s) deleted
2024-10-08 15:59:35 info: Row(s) deleted
2024-10-08 15:59:35 info: Row(s) deleted
2024-10-08 15:59:35 info: Row(s) deleted
2024-10-08 15:59:35 info: Row(s) deleted
2024-10-08 15:59:35 info: Row(s) deleted
2024-10-08 15:59:35 info: Row(s) deleted
2024-10-08 15:59:35 info: Row(s) deleted
2024-10-08 15:59:35 info: Row(s) deleted
2024-10-08 15:59:35 info: Row(s) deleted
2024-10-08 15:59:35 info: Row(s) deleted
2024-10-08 15:59:35 info: Row(s) deleted
2024-10-08 15:59:35 info: Row(s) deleted
2024-10-08 15:59:35 info: Row(s) deleted
2024-10-08 15:59:35 info: Row(s) deleted
2024-10-08 15:59:35 info: Row(s) deleted
2024-10-08 15:59:35 info: Row(s) deleted
2024-10-08 15:59:35 info: Row(s) deleted
2024-10-08 15:59:35 info: Row(s) deleted
2024-10-08 15:59:35 info: Row(s) deleted
2024-10-08 15:59:35 info: Row(s) deleted
2024-10-08 15:59:35 info: Row(s) deleted
2024-10-08 15:59:35 info: Row(s) deleted
2024-10-08 15:59:35 info: Row(s) deleted
2024-10-08 15:59:35 info: Row(s) deleted
2024-10-08 15:59:35 info: Row(s) deleted
2024-10-08 15:59:35 info: Row(s) deleted
2024-10-08 15:59:35 info: Row(s) deleted
2024-10-08 15:59:35 info: Row(s) deleted
2024-10-08 15:59:35 info: Row(s) deleted
2024-10-08 15:59:35 info: Row(s) deleted
2024-10-08 15:59:35 info: Row(s) deleted
2024-10-08 15:59:35 info: Row(s) deleted
2024-10-08 15:59:35 info: Row(s) deleted
2024-10-08 15:59:35 info: Row(s) deleted
2024-10-08 15:59:35 info: Row(s) deleted
2024-10-08 15:59:35 info: Row(s) deleted
2024-10-08 15:59:35 info: Row(s) deleted
2024-10-08 15:59:35 info: Row(s) deleted
2024-10-08 15:59:35 info: Row(s) deleted
2024-10-08 15:59:35 info: Row(s) deleted
2024-10-08 15:59:35 info: Row(s) deleted
2024-10-08 15:59:35 info: Row(s) deleted
2024-10-08 15:59:35 info: Row(s) deleted
2024-10-08 15:59:35 info: Row(s) deleted
2024-10-08 15:59:35 info: Row(s) deleted
2024-10-08 15:59:35 info: Row(s) deleted
2024-10-08 15:59:35 info: Row(s) deleted
2024-10-08 15:59:35 info: Row(s) deleted
2024-10-08 15:59:35 info: Row(s) deleted
2024-10-08 15:59:35 info: Row(s) deleted
2024-10-08 15:59:35 info: Row(s) deleted
2024-10-08 15:59:35 info: Row(s) deleted
2024-10-08 15:59:35 info: Row(s) deleted
2024-10-08 15:59:35 info: Row(s) deleted
2024-10-08 15:59:35 info: Row(s) deleted
2024-10-08 15:59:35 info: Row(s) deleted
2024-10-08 15:59:35 info: Row(s) deleted
2024-10-08 15:59:35 info: Row(s) deleted
2024-10-08 15:59:35 info: Row(s) deleted
2024-10-08 15:59:35 info: Row(s) deleted
2024-10-08 15:59:35 info: Row(s) deleted
2024-10-08 15:59:35 info: Row(s) deleted
2024-10-08 15:59:35 info: Row(s) deleted
2024-10-08 15:59:35 info: Row(s) deleted
2024-10-08 15:59:35 info: Row(s) deleted
2024-10-08 15:59:35 info: Row(s) deleted
2024-10-08 15:59:35 info: Row(s) deleted
2024-10-08 15:59:37 info: Row(s) deleted
2024-10-08 15:59:37 info: Row(s) deleted
2024-10-08 15:59:37 info: Row(s) deleted
2024-10-08 15:59:45 info: Row(s) deleted
2024-10-08 15:59:48 info: Row(s) deleted
2024-10-08 16:02:44 info: Row(s) deleted
2024-10-08 16:02:44 info: Row(s) deleted
2024-10-08 16:02:44 info: Row(s) deleted
2024-10-08 16:02:44 info: Row(s) deleted
2024-10-08 16:03:50 info: Row(s) deleted
2024-10-08 16:03:50 info: Row(s) deleted
2024-10-08 16:03:50 info: Row(s) deleted
2024-10-08 16:03:50 info: Row(s) deleted
2024-10-08 16:03:50 info: Row(s) deleted
2024-10-08 16:03:57 info: Row(s) deleted
2024-10-08 16:04:18 info: Row(s) deleted
2024-10-08 16:04:18 info: Row(s) deleted
2024-10-08 16:04:18 info: Row(s) deleted
2024-10-08 16:04:24 info: Row(s) deleted
2024-10-08 16:04:27 info: Row(s) deleted
2024-10-08 16:04:27 info: Row(s) deleted
2024-10-08 16:04:27 info: Row(s) deleted
2024-10-08 16:06:07 info: Row(s) deleted
2024-10-08 16:06:11 info: Row(s) deleted
2024-10-08 16:07:27 info: Row(s) deleted
2024-10-08 16:07:27 info: Row(s) deleted
2024-10-08 16:07:27 info: Row(s) deleted
2024-10-08 16:07:33 info: Row(s) deleted
2024-10-08 16:07:35 info: Row(s) deleted
2024-10-08 16:07:35 info: Row(s) deleted
2024-10-08 16:07:36 info: Row(s) deleted
2024-10-08 16:07:36 info: Row(s) deleted
2024-10-08 16:07:36 info: Row(s) deleted
2024-10-08 16:07:36 info: Row(s) deleted
2024-10-08 16:09:27 info: Row(s) deleted
2024-10-08 16:10:03 info: Row(s) deleted
2024-10-08 16:10:03 info: Row(s) deleted
2024-10-08 16:10:03 info: Row(s) deleted
2024-10-08 16:10:08 info: Row(s) deleted
2024-10-08 16:10:10 info: Row(s) deleted
2024-10-08 16:10:10 info: Row(s) deleted
2024-10-08 16:10:10 info: Row(s) deleted
2024-10-08 16:10:11 info: Row(s) deleted
2024-10-08 16:10:11 info: Row(s) deleted
2024-10-08 16:10:11 info: Row(s) deleted
2024-10-08 16:10:22 info: Row(s) deleted
2024-10-08 16:10:22 info: Row(s) deleted
2024-10-08 16:10:22 info: Row(s) deleted
2024-10-08 16:10:29 info: Row(s) deleted
2024-10-08 16:10:30 info: Row(s) deleted
2024-10-08 16:10:30 info: Row(s) deleted
2024-10-08 16:10:30 info: Row(s) deleted
2024-10-08 16:10:31 info: Row(s) deleted
2024-10-08 16:10:31 info: Row(s) deleted
2024-10-08 16:10:31 info: Row(s) deleted
2024-10-08 16:10:35 info: Row(s) deleted
2024-10-08 16:10:35 info: Row(s) deleted
2024-10-08 16:10:35 info: Row(s) deleted
2024-10-08 16:10:41 info: Row(s) deleted
2024-10-08 16:10:42 info: Row(s) deleted
2024-10-08 16:10:42 info: Row(s) deleted
2024-10-08 16:10:42 info: Row(s) deleted
2024-10-08 16:10:42 info: Row(s) deleted
2024-10-08 16:10:42 info: Row(s) deleted
2024-10-08 16:10:42 info: Row(s) deleted
2024-10-08 16:10:43 info: Row(s) deleted
2024-10-08 16:10:43 info: Row(s) deleted
2024-10-08 16:10:43 info: Row(s) deleted
2024-10-08 16:11:18 info: Row(s) deleted
2024-10-08 16:11:18 info: Row(s) deleted
2024-10-08 16:11:18 info: Row(s) deleted
2024-10-08 16:11:24 info: Row(s) deleted
2024-10-08 16:11:26 info: Row(s) deleted
2024-10-08 16:11:26 info: Row(s) deleted
2024-10-08 16:11:27 info: Row(s) deleted
2024-10-08 16:11:27 info: Row(s) deleted
2024-10-08 16:11:27 info: Row(s) deleted
2024-10-08 16:11:27 info: Row(s) deleted
2024-10-08 16:12:22 info: Row(s) deleted
2024-10-08 16:12:22 info: Row(s) deleted
2024-10-08 16:12:22 info: Row(s) deleted
2024-10-08 16:12:29 info: Row(s) deleted
2024-10-08 16:12:31 info: Row(s) deleted
2024-10-08 16:12:31 info: Row(s) deleted
2024-10-08 16:12:31 info: Row(s) deleted
2024-10-08 16:12:39 info: Row(s) deleted
2024-10-08 16:12:39 info: Row(s) deleted
2024-10-08 16:12:39 info: Row(s) deleted
2024-10-08 16:12:45 info: Row(s) deleted
2024-10-08 16:12:49 info: Row(s) deleted
2024-10-08 16:12:49 info: Row(s) deleted
2024-10-08 16:12:49 info: Row(s) deleted
2024-10-08 16:14:39 info: Row(s) deleted
2024-10-08 16:14:39 info: Row(s) deleted
2024-10-08 16:14:39 info: Row(s) deleted
2024-10-08 16:14:45 info: Row(s) deleted
2024-10-08 16:14:46 info: Row(s) deleted
2024-10-08 16:14:46 info: Row(s) deleted
2024-10-08 16:14:47 info: Row(s) deleted
2024-10-08 16:14:47 info: Row(s) deleted
2024-10-08 16:14:47 info: Row(s) deleted
2024-10-08 16:14:47 info: Row(s) deleted
2024-10-08 16:17:26 info: Row(s) deleted
2024-10-08 16:18:29 info: Row(s) deleted
2024-10-08 16:18:41 info: Row(s) deleted
2024-10-08 16:20:54 info: Row(s) deleted
2024-10-08 16:21:24 info: Row(s) deleted
2024-10-08 16:22:21 info: Row(s) deleted
2024-10-08 16:22:45 info: Row(s) deleted
2024-10-08 16:27:58 info: Row(s) deleted
2024-10-08 16:27:59 info: Row(s) deleted
2024-10-08 16:28:00 info: Row(s) deleted
2024-10-08 16:28:02 info: Row(s) deleted
2024-10-08 16:29:47 info: Row(s) deleted
2024-10-08 16:34:00 info: Row(s) deleted
2024-10-08 16:34:12 info: Row(s) deleted
2024-10-08 16:51:51 info: Row(s) deleted
2024-10-08 16:52:09 info: Row(s) deleted
2024-10-08 16:52:09 info: Row(s) deleted
2024-10-08 16:52:12 info: Row(s) deleted
2024-10-08 16:52:12 info: Row(s) deleted
2024-10-08 16:52:13 info: Row(s) deleted
2024-10-08 16:52:14 info: Row(s) deleted
2024-10-08 16:52:14 info: Row(s) deleted
2024-10-08 16:52:15 info: Row(s) deleted
2024-10-08 16:52:16 info: Row(s) deleted
2024-10-08 16:52:58 info: Row(s) deleted
2024-10-08 16:53:50 info: Row(s) deleted
2024-10-08 16:54:27 info: Row(s) deleted
2024-10-08 16:56:50 info: Row(s) deleted
2024-10-08 16:57:16 info: Row(s) deleted
2024-10-08 16:57:28 info: Row(s) deleted
2024-10-08 16:57:46 info: Row(s) deleted
2024-10-08 16:57:56 info: Row(s) deleted
2024-10-08 16:58:10 info: Row(s) deleted
2024-10-08 16:59:04 info: Row(s) deleted
2024-10-08 16:59:15 info: Row(s) deleted
2024-10-08 16:59:20 info: Row(s) deleted
2024-10-08 16:59:51 info: Row(s) deleted
2024-10-08 17:00:27 info: Row(s) deleted
2024-10-08 17:17:12 info: Row(s) deleted
2024-10-08 17:17:59 info: Row(s) deleted
2024-10-08 17:20:21 info: Row(s) deleted
2024-10-08 17:20:28 info: Row(s) deleted
2024-10-08 17:20:38 info: Row(s) deleted
2024-10-08 17:21:10 info: Row(s) deleted
2024-10-08 17:21:27 info: Row(s) deleted
2024-10-08 17:22:09 info: Row(s) deleted
2024-10-08 17:22:18 info: Row(s) deleted
2024-10-08 17:22:47 info: Row(s) deleted
2024-10-08 17:23:34 info: Row(s) deleted
2024-10-08 17:23:45 info: Row(s) deleted
2024-10-08 17:23:58 info: Row(s) deleted
2024-10-08 17:24:08 info: Row(s) deleted
2024-10-08 17:24:59 info: Row(s) deleted
2024-10-08 17:25:41 info: Row(s) deleted
2024-10-08 17:32:27 info: Row(s) deleted
2024-10-08 17:32:27 info: Row(s) deleted
2024-10-08 17:32:27 info: Row(s) deleted
2024-10-08 17:32:27 info: Row(s) deleted
2024-10-08 17:32:27 info: Row(s) deleted
2024-10-08 17:32:31 info: Row(s) deleted
2024-10-08 17:32:31 info: Row(s) deleted
2024-10-08 17:32:32 info: Row(s) deleted
2024-10-08 17:32:32 info: Row(s) deleted
2024-10-08 17:32:32 info: Row(s) deleted
2024-10-08 17:32:32 info: Row(s) deleted
2024-10-08 17:32:36 info: Row(s) deleted
2024-10-08 17:32:36 info: Row(s) deleted
2024-10-08 17:32:36 info: Row(s) deleted
2024-10-08 17:32:39 info: Row(s) deleted
2024-10-08 17:32:39 info: Row(s) deleted
2024-10-08 17:32:39 info: Row(s) deleted
2024-10-08 17:32:41 info: Row(s) deleted
2024-10-08 17:32:41 info: Row(s) deleted
2024-10-08 17:32:41 info: Row(s) deleted
2024-10-08 17:32:44 info: Row(s) deleted
2024-10-08 17:32:45 info: Row(s) deleted
2024-10-08 17:32:45 info: Row(s) deleted
2024-10-08 17:32:45 info: Row(s) deleted
2024-10-08 17:53:10 info: Row(s) deleted
2024-10-08 17:55:40 info: Row(s) deleted
2024-10-08 17:57:10 info: Row(s) deleted
2024-10-08 18:12:06 info: Row(s) deleted
2024-10-08 18:25:12 info: Row(s) deleted
2024-10-08 18:27:36 info: Row(s) deleted
2024-10-08 18:27:36 info: Row(s) deleted
2024-10-08 18:27:36 info: Row(s) deleted
2024-10-08 18:27:36 info: Row(s) deleted
2024-10-08 18:27:36 info: Row(s) deleted
2024-10-08 18:27:36 info: Row(s) deleted
2024-10-08 18:27:36 info: Row(s) deleted
2024-10-08 18:27:36 info: Row(s) deleted
2024-10-08 18:27:36 info: Row(s) deleted
2024-10-08 18:27:36 info: Row(s) deleted
2024-10-08 18:27:36 info: Row(s) deleted
2024-10-08 18:27:36 info: Row(s) deleted
2024-10-08 18:27:37 info: Row(s) deleted
2024-10-08 18:27:37 info: Row(s) deleted
2024-10-08 18:27:37 info: Row(s) deleted
2024-10-08 18:27:37 info: Row(s) deleted
2024-10-08 18:27:37 info: Row(s) deleted
2024-10-08 18:27:37 info: Row(s) deleted
2024-10-08 18:27:37 info: Row(s) deleted
2024-10-08 18:27:37 info: Row(s) deleted
2024-10-08 18:27:37 info: Row(s) deleted
2024-10-08 18:27:37 info: Row(s) deleted
2024-10-08 18:27:37 info: Row(s) deleted
2024-10-08 18:27:37 info: Row(s) deleted
2024-10-08 18:27:37 info: Row(s) deleted
2024-10-08 18:27:37 info: Row(s) deleted
2024-10-08 18:27:37 info: Row(s) deleted
2024-10-08 18:27:37 info: Row(s) deleted
2024-10-08 18:27:37 info: Row(s) deleted
2024-10-08 18:27:37 info: Row(s) deleted
2024-10-08 18:27:37 info: Row(s) deleted
2024-10-08 18:27:37 info: Row(s) deleted
2024-10-08 18:27:37 info: Row(s) deleted
2024-10-08 18:27:37 info: Row(s) deleted
2024-10-08 18:27:37 info: Row(s) deleted
2024-10-08 18:27:37 info: Row(s) deleted
2024-10-08 18:27:37 info: Row(s) deleted
2024-10-08 18:28:31 info: Row(s) deleted
2024-10-08 18:28:31 info: Row(s) deleted
2024-10-08 18:28:31 info: Row(s) deleted
2024-10-08 18:28:31 info: Row(s) deleted
2024-10-08 18:28:31 info: Row(s) deleted
2024-10-08 18:28:31 info: Row(s) deleted
2024-10-08 18:28:31 info: Row(s) deleted
2024-10-08 18:28:31 info: Row(s) deleted
2024-10-08 18:28:31 info: Row(s) deleted
2024-10-08 18:28:31 info: Row(s) deleted
2024-10-08 18:28:31 info: Row(s) deleted
2024-10-08 18:28:31 info: Row(s) deleted
2024-10-08 18:28:31 info: Row(s) deleted
2024-10-08 18:28:31 info: Row(s) deleted
2024-10-08 18:28:31 info: Row(s) deleted
2024-10-08 18:28:31 info: Row(s) deleted
2024-10-08 18:28:31 info: Row(s) deleted
2024-10-08 18:28:31 info: Row(s) deleted
2024-10-08 18:28:31 info: Row(s) deleted
2024-10-08 18:28:31 info: Row(s) deleted
2024-10-08 18:28:31 info: Row(s) deleted
2024-10-08 18:28:31 info: Row(s) deleted
2024-10-08 18:28:31 info: Row(s) deleted
2024-10-08 18:28:31 info: Row(s) deleted
2024-10-08 18:28:31 info: Row(s) deleted
2024-10-08 18:28:31 info: Row(s) deleted
2024-10-08 18:28:31 info: Row(s) deleted
2024-10-08 18:28:31 info: Row(s) deleted
2024-10-08 18:28:31 info: Row(s) deleted
2024-10-08 18:28:31 info: Row(s) deleted
2024-10-08 18:28:31 info: Row(s) deleted
2024-10-08 18:28:31 info: Row(s) deleted
2024-10-08 18:28:31 info: Row(s) deleted
2024-10-08 18:28:31 info: Row(s) deleted
2024-10-08 18:28:31 info: Row(s) deleted
2024-10-08 18:28:31 info: Row(s) deleted
2024-10-08 18:28:31 info: Row(s) deleted
2024-10-08 18:31:39 info: Row(s) deleted
2024-10-08 18:31:39 info: Row(s) deleted
2024-10-08 18:31:39 info: Row(s) deleted
2024-10-08 18:31:39 info: Row(s) deleted
2024-10-08 18:31:39 info: Row(s) deleted
2024-10-08 18:31:39 info: Row(s) deleted
2024-10-08 18:31:39 info: Row(s) deleted
2024-10-08 18:31:39 info: Row(s) deleted
2024-10-08 18:31:39 info: Row(s) deleted
2024-10-08 18:31:39 info: Row(s) deleted
2024-10-08 18:31:39 info: Row(s) deleted
2024-10-08 18:31:39 info: Row(s) deleted
2024-10-08 18:31:39 info: Row(s) deleted
2024-10-08 18:31:39 info: Row(s) deleted
2024-10-08 18:31:39 info: Row(s) deleted
2024-10-08 18:31:39 info: Row(s) deleted
2024-10-08 18:31:39 info: Row(s) deleted
2024-10-08 18:31:39 info: Row(s) deleted
2024-10-08 18:31:39 info: Row(s) deleted
2024-10-08 18:31:39 info: Row(s) deleted
2024-10-08 18:31:39 info: Row(s) deleted
2024-10-08 18:31:39 info: Row(s) deleted
2024-10-08 18:31:39 info: Row(s) deleted
2024-10-08 18:31:39 info: Row(s) deleted
2024-10-08 18:31:39 info: Row(s) deleted
2024-10-08 18:31:39 info: Row(s) deleted
2024-10-08 18:31:39 info: Row(s) deleted
2024-10-08 18:31:39 info: Row(s) deleted
2024-10-08 18:31:39 info: Row(s) deleted
2024-10-08 18:31:39 info: Row(s) deleted
2024-10-08 18:31:39 info: Row(s) deleted
2024-10-08 18:31:39 info: Row(s) deleted
2024-10-08 18:31:39 info: Row(s) deleted
2024-10-08 18:31:39 info: Row(s) deleted
2024-10-08 18:31:39 info: Row(s) deleted
2024-10-08 18:31:39 info: Row(s) deleted
2024-10-08 18:31:39 info: Row(s) deleted
2024-10-08 18:31:39 info: Row(s) deleted
2024-10-08 18:31:39 info: Row(s) deleted
2024-10-08 18:31:39 info: Row(s) deleted
2024-10-08 18:31:39 info: Row(s) deleted
2024-10-08 18:31:39 info: Row(s) deleted
2024-10-08 18:31:39 info: Row(s) deleted
2024-10-08 18:31:39 info: Row(s) deleted
2024-10-08 18:31:39 info: Row(s) deleted
2024-10-08 18:31:39 info: Row(s) deleted
2024-10-08 18:31:39 info: Row(s) deleted
2024-10-08 18:31:39 info: Row(s) deleted
2024-10-08 18:31:39 info: Row(s) deleted
2024-10-08 18:31:39 info: Row(s) deleted
2024-10-08 18:31:39 info: Row(s) deleted
2024-10-08 18:32:32 info: Row(s) deleted
2024-10-08 18:32:32 info: Row(s) deleted
2024-10-08 18:32:32 info: Row(s) deleted
2024-10-08 18:32:32 info: Row(s) deleted
2024-10-08 18:32:32 info: Row(s) deleted
2024-10-08 18:32:32 info: Row(s) deleted
2024-10-08 18:32:32 info: Row(s) deleted
2024-10-08 18:32:32 info: Row(s) deleted
2024-10-08 18:32:32 info: Row(s) deleted
2024-10-08 18:32:32 info: Row(s) deleted
2024-10-08 18:32:32 info: Row(s) deleted
2024-10-08 18:32:32 info: Row(s) deleted
2024-10-08 18:32:32 info: Row(s) deleted
2024-10-08 18:32:32 info: Row(s) deleted
2024-10-08 18:32:32 info: Row(s) deleted
2024-10-08 18:32:32 info: Row(s) deleted
2024-10-08 18:32:32 info: Row(s) deleted
2024-10-08 18:32:32 info: Row(s) deleted
2024-10-08 18:32:32 info: Row(s) deleted
2024-10-08 18:32:32 info: Row(s) deleted
2024-10-08 18:32:32 info: Row(s) deleted
2024-10-08 18:32:32 info: Row(s) deleted
2024-10-08 18:32:32 info: Row(s) deleted
2024-10-08 18:32:32 info: Row(s) deleted
2024-10-08 18:32:32 info: Row(s) deleted
2024-10-08 18:32:32 info: Row(s) deleted
2024-10-08 18:32:32 info: Row(s) deleted
2024-10-08 18:32:32 info: Row(s) deleted
2024-10-08 18:32:32 info: Row(s) deleted
2024-10-08 18:32:32 info: Row(s) deleted
2024-10-08 18:32:32 info: Row(s) deleted
2024-10-08 18:32:32 info: Row(s) deleted
2024-10-08 18:32:32 info: Row(s) deleted
2024-10-08 18:32:32 info: Row(s) deleted
2024-10-08 18:32:32 info: Row(s) deleted
2024-10-08 18:32:32 info: Row(s) deleted
2024-10-08 18:32:32 info: Row(s) deleted
2024-10-08 18:32:32 info: Row(s) deleted
2024-10-08 18:32:32 info: Row(s) deleted
2024-10-08 18:32:32 info: Row(s) deleted
2024-10-08 18:32:32 info: Row(s) deleted
2024-10-08 18:32:32 info: Row(s) deleted
2024-10-08 18:32:32 info: Row(s) deleted
2024-10-08 18:32:32 info: Row(s) deleted
2024-10-08 18:32:32 info: Row(s) deleted
2024-10-08 18:32:32 info: Row(s) deleted
2024-10-08 18:32:32 info: Row(s) deleted
2024-10-08 18:32:32 info: Row(s) deleted
2024-10-08 18:32:32 info: Row(s) deleted
2024-10-08 18:32:32 info: Row(s) deleted
2024-10-08 18:32:32 info: Row(s) deleted
2024-10-08 18:32:32 info: Row(s) deleted
2024-10-08 18:32:32 info: Row(s) deleted
2024-10-08 18:32:32 info: Row(s) deleted
2024-10-08 18:32:32 info: Row(s) deleted
2024-10-08 18:32:32 info: Row(s) deleted
2024-10-08 18:32:33 info: Row(s) deleted
2024-10-08 18:34:40 info: Row(s) deleted
2024-10-08 18:34:40 info: Row(s) deleted
2024-10-08 18:34:40 info: Row(s) deleted
2024-10-08 18:34:40 info: Row(s) deleted
2024-10-08 18:34:40 info: Row(s) deleted
2024-10-08 18:34:40 info: Row(s) deleted
2024-10-08 18:34:40 info: Row(s) deleted
2024-10-08 18:34:40 info: Row(s) deleted
2024-10-08 18:34:40 info: Row(s) deleted
2024-10-08 18:34:40 info: Row(s) deleted
2024-10-08 18:34:40 info: Row(s) deleted
2024-10-08 18:34:40 info: Row(s) deleted
2024-10-08 18:34:40 info: Row(s) deleted
2024-10-08 18:34:40 info: Row(s) deleted
2024-10-08 18:34:40 info: Row(s) deleted
2024-10-08 18:34:40 info: Row(s) deleted
2024-10-08 18:34:40 info: Row(s) deleted
2024-10-08 18:34:40 info: Row(s) deleted
2024-10-08 18:34:40 info: Row(s) deleted
2024-10-08 18:34:40 info: Row(s) deleted
2024-10-08 18:34:40 info: Row(s) deleted
2024-10-08 18:34:40 info: Row(s) deleted
2024-10-08 18:34:40 info: Row(s) deleted
2024-10-08 18:34:40 info: Row(s) deleted
2024-10-08 18:34:40 info: Row(s) deleted
2024-10-08 18:34:40 info: Row(s) deleted
2024-10-08 18:34:40 info: Row(s) deleted
2024-10-08 18:34:40 info: Row(s) deleted
2024-10-08 18:34:40 info: Row(s) deleted
2024-10-08 18:34:40 info: Row(s) deleted
2024-10-08 18:34:40 info: Row(s) deleted
2024-10-08 18:34:40 info: Row(s) deleted
2024-10-08 18:34:40 info: Row(s) deleted
2024-10-08 18:34:40 info: Row(s) deleted
2024-10-08 18:34:40 info: Row(s) deleted
2024-10-08 18:34:40 info: Row(s) deleted
2024-10-08 18:34:40 info: Row(s) deleted
2024-10-08 18:34:40 info: Row(s) deleted
2024-10-08 18:34:40 info: Row(s) deleted
2024-10-08 18:34:40 info: Row(s) deleted
2024-10-08 18:34:40 info: Row(s) deleted
2024-10-08 18:34:40 info: Row(s) deleted
2024-10-08 18:34:40 info: Row(s) deleted
2024-10-08 18:34:40 info: Row(s) deleted
2024-10-08 18:34:40 info: Row(s) deleted
2024-10-08 18:34:40 info: Row(s) deleted
2024-10-08 18:34:40 info: Row(s) deleted
2024-10-08 18:34:40 info: Row(s) deleted
2024-10-08 18:34:40 info: Row(s) deleted
2024-10-08 18:34:40 info: Row(s) deleted
2024-10-08 18:34:40 info: Row(s) deleted
2024-10-08 18:34:40 info: Row(s) deleted
2024-10-08 18:34:40 info: Row(s) deleted
2024-10-08 18:34:40 info: Row(s) deleted
2024-10-08 18:34:40 info: Row(s) deleted
2024-10-08 18:34:40 info: Row(s) deleted
2024-10-08 18:34:40 info: Row(s) deleted
2024-10-08 18:34:40 info: Row(s) deleted
2024-10-08 18:34:40 info: Row(s) deleted
2024-10-08 18:34:40 info: Row(s) deleted
2024-10-08 18:34:40 info: Row(s) deleted
2024-10-08 18:34:40 info: Row(s) deleted
2024-10-08 18:34:40 info: Row(s) deleted
2024-10-08 18:34:40 info: Row(s) deleted
2024-10-08 18:34:40 info: Row(s) deleted
2024-10-10 17:10:00 info: Row(s) deleted
2024-10-14 15:38:55 info: Congratulations, your extension "Embold" is now active!
2024-10-14 15:38:55 info: tempDirectory : /Users/pedriito/.vscode/extensions/embold-vscode.embold-0.1.8/temp
2024-10-14 15:39:10 info: Extraction complete for source: /Users/pedriito/.vscode/extensions/embold-vscode.embold-0.1.8/resources/embold-scanner-archive.zip, destination: /Users/pedriito/.vscode/extensions/embold-vscode.embold-0.1.8/temp
2024-10-14 15:39:10 info: Extension installed on machine OS : darwin
2024-10-14 15:39:10 info: Fetched the issues from DB
2024-10-14 15:39:10 info: Java version installed on machine : 
openjdk version "19.0.2" 2023-01-17
OpenJDK Runtime Environment (build 19.0.2+7-44)
OpenJDK 64-Bit Server VM (build 19.0.2+7-44, mixed mode, sharing)

2024-10-14 15:39:10 info: Java installed on machine.
2024-10-14 15:39:11 info: Embold extension version response:{"hasSupport":false,"version":"0.1.6","changeNotes":"<div> <p>Release Date: 09 Oct, 2023 <br><span>Bug fixes and improvements.</span></p> </div>"}
2024-10-14 15:39:11 info: Current installed embold extension version : 0.1.8
2024-10-14 15:39:11 info: Latest embold extension version on marketplace : 0.1.6
2024-10-14 15:43:58 info: Row(s) deleted
2024-10-14 15:47:14 info: Row(s) deleted
2024-10-14 15:47:15 info: Row(s) deleted
2024-10-14 15:47:31 info: Row(s) deleted
2024-10-14 15:47:32 info: Row(s) deleted
2024-10-14 15:52:16 info: Row(s) deleted
2024-10-14 15:52:17 info: Row(s) deleted
2024-10-14 15:52:24 info: Row(s) deleted
2024-10-14 15:52:24 info: Row(s) deleted
2024-10-14 15:52:24 info: Row(s) deleted
2024-10-14 15:52:24 info: Row(s) deleted
2024-10-14 15:52:24 info: Row(s) deleted
2024-10-14 15:52:24 info: Row(s) deleted
2024-10-14 15:52:24 info: Row(s) deleted
2024-10-14 15:52:24 info: Row(s) deleted
2024-10-14 15:52:24 info: Row(s) deleted
2024-10-14 15:52:24 info: Row(s) deleted
2024-10-14 15:56:41 info: Row(s) deleted
2024-10-14 15:56:41 info: Row(s) deleted
2024-10-14 15:56:41 info: Row(s) deleted
2024-10-14 15:56:41 info: Row(s) deleted
2024-10-14 15:56:41 info: Row(s) deleted
2024-10-14 15:56:41 info: Row(s) deleted
2024-10-14 15:56:41 info: Row(s) deleted
2024-10-14 15:56:41 info: Row(s) deleted
2024-10-14 15:56:41 info: Row(s) deleted
2024-10-14 16:01:33 info: Row(s) deleted
2024-10-14 16:01:33 info: Row(s) deleted
2024-10-14 16:03:56 info: Row(s) deleted
2024-10-14 16:03:59 info: Row(s) deleted
2024-10-14 16:03:59 info: Row(s) deleted
2024-10-14 16:05:07 info: Row(s) deleted
2024-10-14 16:05:07 info: Row(s) deleted
2024-10-14 16:05:45 info: Row(s) deleted
2024-10-14 16:05:45 info: Row(s) deleted
2024-10-14 16:05:45 info: Row(s) deleted
2024-10-14 16:05:45 info: Row(s) deleted
2024-10-14 16:05:45 info: Row(s) deleted
2024-10-14 16:05:45 info: Row(s) deleted
2024-10-14 16:05:45 info: Row(s) deleted
2024-10-14 16:05:45 info: Row(s) deleted
2024-10-14 16:05:45 info: Row(s) deleted
2024-10-14 16:05:45 info: Row(s) deleted
2024-10-14 16:05:45 info: Row(s) deleted
2024-10-14 16:05:45 info: Row(s) deleted
2024-10-14 16:05:45 info: Row(s) deleted
2024-10-14 16:05:45 info: Row(s) deleted
2024-10-14 16:05:45 info: Row(s) deleted
2024-10-14 16:05:45 info: Row(s) deleted
2024-10-14 16:05:45 info: Row(s) deleted
2024-10-14 16:05:45 info: Row(s) deleted
2024-10-14 16:05:45 info: Row(s) deleted
2024-10-14 16:05:45 info: Row(s) deleted
2024-10-14 16:05:45 info: Row(s) deleted
2024-10-14 16:05:45 info: Row(s) deleted
2024-10-14 16:05:45 info: Row(s) deleted
2024-10-14 16:05:45 info: Row(s) deleted
2024-10-14 16:05:45 info: Row(s) deleted
2024-10-14 16:05:45 info: Row(s) deleted
2024-10-14 16:05:45 info: Row(s) deleted
2024-10-14 16:05:45 info: Row(s) deleted
2024-10-14 16:05:45 info: Row(s) deleted
2024-10-14 16:05:45 info: Row(s) deleted
2024-10-14 16:05:45 info: Row(s) deleted
2024-10-14 16:05:45 info: Row(s) deleted
2024-10-14 16:05:45 info: Row(s) deleted
2024-10-14 16:05:45 info: Row(s) deleted
2024-10-14 16:05:45 info: Row(s) deleted
2024-10-14 16:05:45 info: Row(s) deleted
2024-10-14 16:05:45 info: Row(s) deleted
2024-10-14 16:05:46 info: Row(s) deleted
2024-10-14 16:05:46 info: Row(s) deleted
2024-10-14 16:05:46 info: Row(s) deleted
2024-10-14 16:05:46 info: Row(s) deleted
2024-10-14 16:07:20 info: Row(s) deleted
2024-10-14 16:07:20 info: Row(s) deleted
2024-10-14 16:13:32 info: Row(s) deleted
2024-10-14 16:13:32 info: Row(s) deleted
2024-10-14 16:13:32 info: Row(s) deleted
2024-10-14 16:13:32 info: Row(s) deleted
2024-10-14 16:13:32 info: Row(s) deleted
2024-10-14 16:13:32 info: Row(s) deleted
2024-10-14 16:13:32 info: Row(s) deleted
2024-10-14 16:13:32 info: Row(s) deleted
2024-10-14 16:13:32 info: Row(s) deleted
2024-10-14 16:13:32 info: Row(s) deleted
2024-10-14 16:14:50 info: Row(s) deleted
2024-10-14 16:14:50 info: Row(s) deleted
2024-10-14 16:15:05 info: Row(s) deleted
2024-10-14 16:15:05 info: Row(s) deleted
2024-10-14 16:15:36 info: Row(s) deleted
2024-10-14 16:15:36 info: Row(s) deleted
2024-10-14 16:16:23 info: Row(s) deleted
2024-10-14 16:16:23 info: Row(s) deleted
2024-10-14 16:16:51 info: Row(s) deleted
2024-10-14 16:16:51 info: Row(s) deleted
2024-10-14 16:17:11 info: Row(s) deleted
2024-10-14 16:17:11 info: Row(s) deleted
2024-10-14 16:17:11 info: Row(s) deleted
2024-10-14 16:17:11 info: Row(s) deleted
2024-10-14 16:17:11 info: Row(s) deleted
2024-10-14 16:17:11 info: Row(s) deleted
2024-10-14 16:17:11 info: Row(s) deleted
2024-10-14 16:17:11 info: Row(s) deleted
2024-10-14 16:17:11 info: Row(s) deleted
2024-10-14 16:17:11 info: Row(s) deleted
2024-10-14 16:19:01 info: Row(s) deleted
2024-10-14 16:19:01 info: Row(s) deleted
2024-10-14 16:19:32 info: Row(s) deleted
2024-10-14 16:19:32 info: Row(s) deleted
2024-10-14 16:20:44 info: Row(s) deleted
2024-10-14 16:20:44 info: Row(s) deleted
2024-10-14 16:21:10 info: Row(s) deleted
2024-10-14 16:21:10 info: Row(s) deleted
2024-10-14 16:29:54 info: Row(s) deleted
2024-10-14 16:29:54 info: Row(s) deleted
2024-10-14 16:29:54 info: Row(s) deleted
2024-10-14 16:29:55 info: Row(s) deleted
2024-10-14 16:29:55 info: Row(s) deleted
2024-10-14 16:29:55 info: Row(s) deleted
2024-10-14 16:29:55 info: Row(s) deleted
2024-10-14 16:40:02 info: Row(s) deleted
2024-10-14 16:40:02 info: Row(s) deleted
2024-10-14 16:43:04 info: Row(s) deleted
2024-10-14 16:43:04 info: Row(s) deleted
2024-10-14 16:44:34 info: Row(s) deleted
2024-10-14 16:44:34 info: Row(s) deleted
2024-10-14 16:49:00 info: Row(s) deleted
2024-10-14 16:57:52 info: Row(s) deleted
2024-10-14 16:57:52 info: Row(s) deleted
2024-10-14 16:59:02 info: Row(s) deleted
2024-10-14 16:59:02 info: Row(s) deleted
2024-10-14 16:59:51 info: Row(s) deleted
2024-10-14 16:59:51 info: Row(s) deleted
2024-10-14 17:01:23 info: Row(s) deleted
2024-10-14 17:01:23 info: Row(s) deleted
2024-10-14 17:29:41 info: Row(s) deleted
2024-10-14 17:29:41 info: Row(s) deleted
2024-10-14 18:25:35 info: Row(s) deleted
2024-10-14 18:25:36 info: Row(s) deleted
2024-10-14 18:30:53 info: Row(s) deleted
2024-10-14 18:31:02 info: Row(s) deleted
2024-10-14 18:31:02 info: Row(s) deleted
2024-10-14 18:35:36 info: Congratulations, your extension "Embold" is now active!
2024-10-14 18:35:36 info: tempDirectory : /Users/pedriito/.vscode/extensions/embold-vscode.embold-0.1.8/temp
2024-10-14 18:35:38 info: Extraction complete for source: /Users/pedriito/.vscode/extensions/embold-vscode.embold-0.1.8/resources/embold-scanner-archive.zip, destination: /Users/pedriito/.vscode/extensions/embold-vscode.embold-0.1.8/temp
2024-10-14 18:35:38 info: Extension installed on machine OS : darwin
2024-10-14 18:35:38 info: Fetched the issues from DB
2024-10-14 18:35:38 info: Embold extension version response:{"hasSupport":false,"version":"0.1.6","changeNotes":"<div> <p>Release Date: 09 Oct, 2023 <br><span>Bug fixes and improvements.</span></p> </div>"}
2024-10-14 18:35:38 info: Current installed embold extension version : 0.1.8
2024-10-14 18:35:38 info: Latest embold extension version on marketplace : 0.1.6
2024-10-14 18:35:38 info: Java version installed on machine : 
openjdk version "19.0.2" 2023-01-17
OpenJDK Runtime Environment (build 19.0.2+7-44)
OpenJDK 64-Bit Server VM (build 19.0.2+7-44, mixed mode, sharing)

2024-10-14 18:35:38 info: Java installed on machine.
2024-10-14 18:35:59 info: Row(s) deleted
2024-10-14 18:36:38 info: Row(s) deleted
2024-10-14 18:36:38 info: Row(s) deleted
2024-10-14 19:06:09 info: Row(s) deleted
2024-10-14 19:06:09 info: Row(s) deleted
2024-10-14 19:08:12 info: Row(s) deleted
2024-10-14 19:08:12 info: Row(s) deleted
2024-10-14 19:09:03 info: Row(s) deleted
2024-10-14 19:09:03 info: Row(s) deleted
2024-10-17 16:21:58 info: Row(s) deleted
2024-10-17 16:21:59 info: Row(s) deleted
2024-10-17 16:21:59 info: Row(s) deleted
2024-10-17 16:23:25 info: Row(s) deleted
2024-10-17 16:23:25 info: Row(s) deleted
2024-10-17 17:16:22 info: Row(s) deleted
2024-10-17 17:16:22 info: Row(s) deleted
2024-10-17 17:17:23 info: Row(s) deleted
2024-10-17 17:17:23 info: Row(s) deleted
2024-10-17 21:06:11 info: Row(s) deleted
2024-10-17 21:06:12 info: Row(s) deleted
2024-10-17 21:06:12 info: Row(s) deleted
2024-10-17 22:23:24 info: Row(s) deleted
2024-10-17 22:23:32 info: Row(s) deleted
